<?xml version="1.0" encoding="UTF-8"?>
<testng-results skipped="0" failed="3" ignored="0" total="4" passed="1">
  <reporter-output>
  </reporter-output>
  <suite name="Surefire suite" duration-ms="35157" started-at="2022-05-17T12:31:36 MSK" finished-at="2022-05-17T12:32:12 MSK">
    <groups>
    </groups>
    <test name="Surefire test" duration-ms="35157" started-at="2022-05-17T12:31:36 MSK" finished-at="2022-05-17T12:32:12 MSK">
      <class name="tests.AddProductToСartTest">
        <test-method status="PASS" signature="precondition()[pri:0, instance:tests.AddProductToСartTest@66908383]" name="precondition" is-config="true" duration-ms="7656" started-at="2022-05-17T12:31:37 MSK" description="Предусловие" finished-at="2022-05-17T12:31:44 MSK">
          <reporter-output>
          </reporter-output>
        </test-method> <!-- precondition -->
        <test-method status="PASS" signature="init()[pri:0, instance:tests.AddProductToСartTest@66908383]" name="init" is-config="true" duration-ms="9" started-at="2022-05-17T12:32:05 MSK" description="Настройка браузера" finished-at="2022-05-17T12:32:05 MSK">
          <reporter-output>
          </reporter-output>
        </test-method> <!-- init -->
        <test-method status="FAIL" signature="Case2()[pri:0, instance:tests.AddProductToСartTest@66908383]" name="Case2" duration-ms="26" started-at="2022-05-17T12:32:05 MSK" description="Кейс №2:Добавление товара в корзину" finished-at="2022-05-17T12:32:05 MSK">
          <exception class="java.lang.IllegalStateException">
            <message>
              <![CDATA[No webdriver is bound to current thread: 31. You need to call open(url) first.]]>
            </message>
            <full-stacktrace>
              <![CDATA[java.lang.IllegalStateException: No webdriver is bound to current thread: 31. You need to call open(url) first.
at com.codeborne.selenide.impl.WebDriverThreadLocalContainer.getWebDriver(WebDriverThreadLocalContainer.java:121)
at com.codeborne.selenide.WebDriverRunner.getWebDriver(WebDriverRunner.java:87)
at com.codeborne.selenide.impl.StaticDriver.getWebDriver(StaticDriver.java:51)
at com.codeborne.selenide.impl.BySelectorCollection.getElement(BySelectorCollection.java:49)
at com.codeborne.selenide.impl.CollectionElement.getWebElement(CollectionElement.java:46)
at com.codeborne.selenide.commands.ToWebElement.execute(ToWebElement.java:19)
at com.codeborne.selenide.commands.ToWebElement.execute(ToWebElement.java:13)
at com.codeborne.selenide.commands.Commands.execute(Commands.java:155)
at com.codeborne.selenide.impl.SelenideElementProxy.invoke(SelenideElementProxy.java:75)
at com.sun.proxy.$Proxy5.toWebElement(Unknown Source)
at com.codeborne.selenide.impl.ElementFinder.getSearchContext(ElementFinder.java:121)
at com.codeborne.selenide.impl.ElementFinder.getWebElement(ElementFinder.java:104)
at com.codeborne.selenide.impl.WebElementSource.checkCondition(WebElementSource.java:99)
at com.codeborne.selenide.impl.WebElementSource.findAndAssertElementIsInteractable(WebElementSource.java:139)
at com.codeborne.selenide.commands.Click.execute(Click.java:24)
at com.codeborne.selenide.commands.Click.execute(Click.java:16)
at com.codeborne.selenide.commands.Commands.execute(Commands.java:155)
at com.codeborne.selenide.impl.SelenideElementProxy.dispatchAndRetry(SelenideElementProxy.java:133)
at com.codeborne.selenide.impl.SelenideElementProxy.invoke(SelenideElementProxy.java:85)
at com.sun.proxy.$Proxy5.click(Unknown Source)
at pages.ProductsPage.addProduct(ProductsPage.java:16)
at steps.Steps.clickBtnAddProduct(Steps.java:38)
at tests.AddProductToСartTest.Case2(AddProductToСartTest.java:24)
at sun.reflect.NativeMethodAccessorImpl.invoke0(Native Method)
at sun.reflect.NativeMethodAccessorImpl.invoke(NativeMethodAccessorImpl.java:62)
at sun.reflect.DelegatingMethodAccessorImpl.invoke(DelegatingMethodAccessorImpl.java:43)
at java.lang.reflect.Method.invoke(Method.java:498)
at org.testng.internal.MethodInvocationHelper.invokeMethod(MethodInvocationHelper.java:132)
at org.testng.internal.TestInvoker.invokeMethod(TestInvoker.java:599)
at org.testng.internal.TestInvoker.invokeTestMethod(TestInvoker.java:174)
at org.testng.internal.MethodRunner.runInSequence(MethodRunner.java:46)
at org.testng.internal.TestInvoker$MethodInvocationAgent.invoke(TestInvoker.java:822)
at org.testng.internal.TestInvoker.invokeTestMethods(TestInvoker.java:147)
at org.testng.internal.TestMethodWorker.invokeTestMethods(TestMethodWorker.java:146)
at org.testng.internal.TestMethodWorker.run(TestMethodWorker.java:128)
at java.util.concurrent.ThreadPoolExecutor.runWorker(ThreadPoolExecutor.java:1149)
at java.util.concurrent.ThreadPoolExecutor$Worker.run(ThreadPoolExecutor.java:624)
at java.lang.Thread.run(Thread.java:748)
]]>
            </full-stacktrace>
          </exception> <!-- java.lang.IllegalStateException -->
          <reporter-output>
          </reporter-output>
        </test-method> <!-- Case2 -->
        <test-method status="PASS" signature="tearDown()[pri:0, instance:tests.AddProductToСartTest@66908383]" name="tearDown" is-config="true" duration-ms="1" started-at="2022-05-17T12:32:05 MSK" description="Закрытие браузера" finished-at="2022-05-17T12:32:05 MSK">
          <reporter-output>
          </reporter-output>
        </test-method> <!-- tearDown -->
      </class> <!-- tests.AddProductToСartTest -->
      <class name="tests.DeleteProductToСartTest">
        <test-method status="PASS" signature="precondition()[pri:0, instance:tests.DeleteProductToСartTest@7ed9ae94]" name="precondition" is-config="true" duration-ms="5349" started-at="2022-05-17T12:31:44 MSK" description="Предусловие" finished-at="2022-05-17T12:31:50 MSK">
          <reporter-output>
          </reporter-output>
        </test-method> <!-- precondition -->
        <test-method status="PASS" signature="init()[pri:0, instance:tests.DeleteProductToСartTest@7ed9ae94]" name="init" is-config="true" duration-ms="5" started-at="2022-05-17T12:32:12 MSK" description="Настройка браузера" finished-at="2022-05-17T12:32:12 MSK">
          <reporter-output>
          </reporter-output>
        </test-method> <!-- init -->
        <test-method status="FAIL" signature="Case4()[pri:0, instance:tests.DeleteProductToСartTest@7ed9ae94]" name="Case4" duration-ms="2" started-at="2022-05-17T12:32:12 MSK" description="Кейс №4:Удаление товара из корзины" finished-at="2022-05-17T12:32:12 MSK">
          <exception class="java.lang.IllegalStateException">
            <message>
              <![CDATA[No webdriver is bound to current thread: 31. You need to call open(url) first.]]>
            </message>
            <full-stacktrace>
              <![CDATA[java.lang.IllegalStateException: No webdriver is bound to current thread: 31. You need to call open(url) first.
at com.codeborne.selenide.impl.WebDriverThreadLocalContainer.getWebDriver(WebDriverThreadLocalContainer.java:121)
at com.codeborne.selenide.WebDriverRunner.getWebDriver(WebDriverRunner.java:87)
at com.codeborne.selenide.impl.StaticDriver.getWebDriver(StaticDriver.java:51)
at com.codeborne.selenide.impl.BySelectorCollection.getElement(BySelectorCollection.java:49)
at com.codeborne.selenide.impl.CollectionElement.getWebElement(CollectionElement.java:46)
at com.codeborne.selenide.commands.ToWebElement.execute(ToWebElement.java:19)
at com.codeborne.selenide.commands.ToWebElement.execute(ToWebElement.java:13)
at com.codeborne.selenide.commands.Commands.execute(Commands.java:155)
at com.codeborne.selenide.impl.SelenideElementProxy.invoke(SelenideElementProxy.java:75)
at com.sun.proxy.$Proxy5.toWebElement(Unknown Source)
at com.codeborne.selenide.impl.ElementFinder.getSearchContext(ElementFinder.java:121)
at com.codeborne.selenide.impl.ElementFinder.getWebElement(ElementFinder.java:104)
at com.codeborne.selenide.impl.WebElementSource.checkCondition(WebElementSource.java:99)
at com.codeborne.selenide.impl.WebElementSource.findAndAssertElementIsInteractable(WebElementSource.java:139)
at com.codeborne.selenide.commands.Click.execute(Click.java:24)
at com.codeborne.selenide.commands.Click.execute(Click.java:16)
at com.codeborne.selenide.commands.Commands.execute(Commands.java:155)
at com.codeborne.selenide.impl.SelenideElementProxy.dispatchAndRetry(SelenideElementProxy.java:133)
at com.codeborne.selenide.impl.SelenideElementProxy.invoke(SelenideElementProxy.java:85)
at com.sun.proxy.$Proxy5.click(Unknown Source)
at pages.ProductsPage.addProduct(ProductsPage.java:16)
at steps.Steps.clickBtnAddProduct(Steps.java:38)
at tests.DeleteProductToСartTest.Case4(DeleteProductToСartTest.java:24)
at sun.reflect.NativeMethodAccessorImpl.invoke0(Native Method)
at sun.reflect.NativeMethodAccessorImpl.invoke(NativeMethodAccessorImpl.java:62)
at sun.reflect.DelegatingMethodAccessorImpl.invoke(DelegatingMethodAccessorImpl.java:43)
at java.lang.reflect.Method.invoke(Method.java:498)
at org.testng.internal.MethodInvocationHelper.invokeMethod(MethodInvocationHelper.java:132)
at org.testng.internal.TestInvoker.invokeMethod(TestInvoker.java:599)
at org.testng.internal.TestInvoker.invokeTestMethod(TestInvoker.java:174)
at org.testng.internal.MethodRunner.runInSequence(MethodRunner.java:46)
at org.testng.internal.TestInvoker$MethodInvocationAgent.invoke(TestInvoker.java:822)
at org.testng.internal.TestInvoker.invokeTestMethods(TestInvoker.java:147)
at org.testng.internal.TestMethodWorker.invokeTestMethods(TestMethodWorker.java:146)
at org.testng.internal.TestMethodWorker.run(TestMethodWorker.java:128)
at java.util.concurrent.ThreadPoolExecutor.runWorker(ThreadPoolExecutor.java:1149)
at java.util.concurrent.ThreadPoolExecutor$Worker.run(ThreadPoolExecutor.java:624)
at java.lang.Thread.run(Thread.java:748)
]]>
            </full-stacktrace>
          </exception> <!-- java.lang.IllegalStateException -->
          <reporter-output>
          </reporter-output>
        </test-method> <!-- Case4 -->
        <test-method status="PASS" signature="tearDown()[pri:0, instance:tests.DeleteProductToСartTest@7ed9ae94]" name="tearDown" is-config="true" duration-ms="0" started-at="2022-05-17T12:32:12 MSK" description="Закрытие браузера" finished-at="2022-05-17T12:32:12 MSK">
          <reporter-output>
          </reporter-output>
        </test-method> <!-- tearDown -->
      </class> <!-- tests.DeleteProductToСartTest -->
      <class name="tests.AuthorizationTest">
        <test-method status="PASS" signature="init()[pri:0, instance:tests.AuthorizationTest@41477a6d]" name="init" is-config="true" duration-ms="4" started-at="2022-05-17T12:32:05 MSK" description="Настройка браузера" finished-at="2022-05-17T12:32:05 MSK">
          <reporter-output>
          </reporter-output>
        </test-method> <!-- init -->
        <test-method status="PASS" signature="Case1()[pri:0, instance:tests.AuthorizationTest@41477a6d]" name="Case1" duration-ms="6253" started-at="2022-05-17T12:32:05 MSK" description="Кейс №1:Проверка авторизации" finished-at="2022-05-17T12:32:12 MSK">
          <reporter-output>
          </reporter-output>
        </test-method> <!-- Case1 -->
        <test-method status="PASS" signature="tearDown()[pri:0, instance:tests.AuthorizationTest@41477a6d]" name="tearDown" is-config="true" duration-ms="76" started-at="2022-05-17T12:32:12 MSK" description="Закрытие браузера" finished-at="2022-05-17T12:32:12 MSK">
          <reporter-output>
          </reporter-output>
        </test-method> <!-- tearDown -->
      </class> <!-- tests.AuthorizationTest -->
      <class name="tests.RegistrationProductTest">
        <test-method status="PASS" signature="precondition()[pri:0, instance:tests.RegistrationProductTest@14bae047]" name="precondition" is-config="true" duration-ms="15599" started-at="2022-05-17T12:31:50 MSK" description="Предусловие" finished-at="2022-05-17T12:32:05 MSK">
          <reporter-output>
          </reporter-output>
        </test-method> <!-- precondition -->
        <test-method status="PASS" signature="init()[pri:0, instance:tests.RegistrationProductTest@14bae047]" name="init" is-config="true" duration-ms="9" started-at="2022-05-17T12:32:12 MSK" description="Настройка браузера" finished-at="2022-05-17T12:32:12 MSK">
          <reporter-output>
          </reporter-output>
        </test-method> <!-- init -->
        <test-method status="FAIL" signature="Case3()[pri:0, instance:tests.RegistrationProductTest@14bae047]" name="Case3" duration-ms="2" started-at="2022-05-17T12:32:12 MSK" description="Кейс №3:Оформение товара" finished-at="2022-05-17T12:32:12 MSK">
          <exception class="java.lang.IllegalStateException">
            <message>
              <![CDATA[No webdriver is bound to current thread: 31. You need to call open(url) first.]]>
            </message>
            <full-stacktrace>
              <![CDATA[java.lang.IllegalStateException: No webdriver is bound to current thread: 31. You need to call open(url) first.
at com.codeborne.selenide.impl.WebDriverThreadLocalContainer.getWebDriver(WebDriverThreadLocalContainer.java:121)
at com.codeborne.selenide.WebDriverRunner.getWebDriver(WebDriverRunner.java:87)
at com.codeborne.selenide.impl.StaticDriver.getWebDriver(StaticDriver.java:51)
at com.codeborne.selenide.impl.ElementFinder.getSearchContext(ElementFinder.java:120)
at com.codeborne.selenide.impl.ElementFinder.getWebElement(ElementFinder.java:104)
at com.codeborne.selenide.impl.WebElementSource.checkCondition(WebElementSource.java:99)
at com.codeborne.selenide.impl.WebElementSource.findAndAssertElementIsInteractable(WebElementSource.java:139)
at com.codeborne.selenide.commands.Click.execute(Click.java:24)
at com.codeborne.selenide.commands.Click.execute(Click.java:16)
at com.codeborne.selenide.commands.Commands.execute(Commands.java:155)
at com.codeborne.selenide.impl.SelenideElementProxy.dispatchAndRetry(SelenideElementProxy.java:133)
at com.codeborne.selenide.impl.SelenideElementProxy.invoke(SelenideElementProxy.java:85)
at com.sun.proxy.$Proxy5.click(Unknown Source)
at pages.BasketPage.clickBtnCheckout(BasketPage.java:20)
at steps.Steps.clickBtnCheckout(Steps.java:53)
at tests.RegistrationProductTest.Case3(RegistrationProductTest.java:27)
at sun.reflect.NativeMethodAccessorImpl.invoke0(Native Method)
at sun.reflect.NativeMethodAccessorImpl.invoke(NativeMethodAccessorImpl.java:62)
at sun.reflect.DelegatingMethodAccessorImpl.invoke(DelegatingMethodAccessorImpl.java:43)
at java.lang.reflect.Method.invoke(Method.java:498)
at org.testng.internal.MethodInvocationHelper.invokeMethod(MethodInvocationHelper.java:132)
at org.testng.internal.TestInvoker.invokeMethod(TestInvoker.java:599)
at org.testng.internal.TestInvoker.invokeTestMethod(TestInvoker.java:174)
at org.testng.internal.MethodRunner.runInSequence(MethodRunner.java:46)
at org.testng.internal.TestInvoker$MethodInvocationAgent.invoke(TestInvoker.java:822)
at org.testng.internal.TestInvoker.invokeTestMethods(TestInvoker.java:147)
at org.testng.internal.TestMethodWorker.invokeTestMethods(TestMethodWorker.java:146)
at org.testng.internal.TestMethodWorker.run(TestMethodWorker.java:128)
at java.util.concurrent.ThreadPoolExecutor.runWorker(ThreadPoolExecutor.java:1149)
at java.util.concurrent.ThreadPoolExecutor$Worker.run(ThreadPoolExecutor.java:624)
at java.lang.Thread.run(Thread.java:748)
]]>
            </full-stacktrace>
          </exception> <!-- java.lang.IllegalStateException -->
          <reporter-output>
          </reporter-output>
        </test-method> <!-- Case3 -->
        <test-method status="PASS" signature="tearDown()[pri:0, instance:tests.RegistrationProductTest@14bae047]" name="tearDown" is-config="true" duration-ms="1" started-at="2022-05-17T12:32:12 MSK" description="Закрытие браузера" finished-at="2022-05-17T12:32:12 MSK">
          <reporter-output>
          </reporter-output>
        </test-method> <!-- tearDown -->
      </class> <!-- tests.RegistrationProductTest -->
    </test> <!-- Surefire test -->
  </suite> <!-- Surefire suite -->
</testng-results>
