<?xml version="1.0" encoding="UTF-8"?>
<!-- Generated by org.testng.reporters.JUnitReportReporter -->
<testsuite skipped="0" hostname="akirnik" name="tests.DeleteProductToСartTest" tests="1" failures="0" timestamp="2022-05-17T12:32:12 MSK" time="0.002" errors="1">
  <testcase name="Case4" time="0.002" classname="tests.DeleteProductToСartTest">
    <error type="java.lang.IllegalStateException" message="No webdriver is bound to current thread: 31. You need to call open(url) first.">
      <![CDATA[java.lang.IllegalStateException: No webdriver is bound to current thread: 31. You need to call open(url) first.
at com.codeborne.selenide.impl.WebDriverThreadLocalContainer.getWebDriver(WebDriverThreadLocalContainer.java:121)
at com.codeborne.selenide.WebDriverRunner.getWebDriver(WebDriverRunner.java:87)
at com.codeborne.selenide.impl.StaticDriver.getWebDriver(StaticDriver.java:51)
at com.codeborne.selenide.impl.BySelectorCollection.getElement(BySelectorCollection.java:49)
at com.codeborne.selenide.impl.CollectionElement.getWebElement(CollectionElement.java:46)
at com.codeborne.selenide.commands.ToWebElement.execute(ToWebElement.java:19)
at com.codeborne.selenide.commands.ToWebElement.execute(ToWebElement.java:13)
at com.codeborne.selenide.commands.Commands.execute(Commands.java:155)
at com.codeborne.selenide.impl.SelenideElementProxy.invoke(SelenideElementProxy.java:75)
at com.sun.proxy.$Proxy5.toWebElement(Unknown Source)
at com.codeborne.selenide.impl.ElementFinder.getSearchContext(ElementFinder.java:121)
at com.codeborne.selenide.impl.ElementFinder.getWebElement(ElementFinder.java:104)
at com.codeborne.selenide.impl.WebElementSource.checkCondition(WebElementSource.java:99)
at com.codeborne.selenide.impl.WebElementSource.findAndAssertElementIsInteractable(WebElementSource.java:139)
at com.codeborne.selenide.commands.Click.execute(Click.java:24)
at com.codeborne.selenide.commands.Click.execute(Click.java:16)
at com.codeborne.selenide.commands.Commands.execute(Commands.java:155)
at com.codeborne.selenide.impl.SelenideElementProxy.dispatchAndRetry(SelenideElementProxy.java:133)
at com.codeborne.selenide.impl.SelenideElementProxy.invoke(SelenideElementProxy.java:85)
at com.sun.proxy.$Proxy5.click(Unknown Source)
at pages.ProductsPage.addProduct(ProductsPage.java:16)
at steps.Steps.clickBtnAddProduct(Steps.java:38)
at tests.DeleteProductToСartTest.Case4(DeleteProductToСartTest.java:24)
at sun.reflect.NativeMethodAccessorImpl.invoke0(Native Method)
at sun.reflect.NativeMethodAccessorImpl.invoke(NativeMethodAccessorImpl.java:62)
at sun.reflect.DelegatingMethodAccessorImpl.invoke(DelegatingMethodAccessorImpl.java:43)
at java.lang.reflect.Method.invoke(Method.java:498)
at org.testng.internal.MethodInvocationHelper.invokeMethod(MethodInvocationHelper.java:132)
at org.testng.internal.TestInvoker.invokeMethod(TestInvoker.java:599)
at org.testng.internal.TestInvoker.invokeTestMethod(TestInvoker.java:174)
at org.testng.internal.MethodRunner.runInSequence(MethodRunner.java:46)
at org.testng.internal.TestInvoker$MethodInvocationAgent.invoke(TestInvoker.java:822)
at org.testng.internal.TestInvoker.invokeTestMethods(TestInvoker.java:147)
at org.testng.internal.TestMethodWorker.invokeTestMethods(TestMethodWorker.java:146)
at org.testng.internal.TestMethodWorker.run(TestMethodWorker.java:128)
at java.util.concurrent.ThreadPoolExecutor.runWorker(ThreadPoolExecutor.java:1149)
at java.util.concurrent.ThreadPoolExecutor$Worker.run(ThreadPoolExecutor.java:624)
at java.lang.Thread.run(Thread.java:748)
]]>
    </error>
  </testcase> <!-- Case4 -->
  <system-out/>
</testsuite> <!-- tests.DeleteProductToСartTest -->
